INFO:root:SUCCESS: Connection to RDS Postgres instance succeeded
DEBUG:urllib3.connectionpool:Starting new HTTPS connection (1): www.linkedin.com:443
DEBUG:urllib3.connectionpool:https://www.linkedin.com:443 "GET /jobs-guest/jobs/api/jobPosting/3790470430 HTTP/1.1" 200 9355
DEBUG:urllib3.connectionpool:Starting new HTTPS connection (1): www.linkedin.com:443
DEBUG:urllib3.connectionpool:https://www.linkedin.com:443 "GET /jobs-guest/jobs/api/jobPosting/3837546488 HTTP/1.1" 200 10339
DEBUG:urllib3.connectionpool:Starting new HTTPS connection (1): www.linkedin.com:443
DEBUG:urllib3.connectionpool:https://www.linkedin.com:443 "GET /jobs-guest/jobs/api/jobPosting/3840494102 HTTP/1.1" 200 10239
DEBUG:urllib3.connectionpool:Starting new HTTPS connection (1): www.linkedin.com:443
DEBUG:urllib3.connectionpool:https://www.linkedin.com:443 "GET /jobs-guest/jobs/api/jobPosting/3866274757 HTTP/1.1" 200 6590
DEBUG:urllib3.connectionpool:Starting new HTTPS connection (1): www.linkedin.com:443
DEBUG:urllib3.connectionpool:https://www.linkedin.com:443 "GET /jobs-guest/jobs/api/jobPosting/3840492157 HTTP/1.1" 200 10293
DEBUG:urllib3.connectionpool:Starting new HTTPS connection (1): www.linkedin.com:443
DEBUG:urllib3.connectionpool:https://www.linkedin.com:443 "GET /jobs-guest/jobs/api/jobPosting/3829053920 HTTP/1.1" 200 8066
DEBUG:urllib3.connectionpool:Starting new HTTPS connection (1): www.linkedin.com:443
DEBUG:urllib3.connectionpool:https://www.linkedin.com:443 "GET /jobs-guest/jobs/api/jobPosting/3848126299 HTTP/1.1" 200 10334
DEBUG:urllib3.connectionpool:Starting new HTTPS connection (1): www.linkedin.com:443
DEBUG:urllib3.connectionpool:https://www.linkedin.com:443 "GET /jobs-guest/jobs/api/jobPosting/3819395205 HTTP/1.1" 200 9544
DEBUG:urllib3.connectionpool:Starting new HTTPS connection (1): www.linkedin.com:443
DEBUG:urllib3.connectionpool:https://www.linkedin.com:443 "GET /jobs-guest/jobs/api/jobPosting/3837050323 HTTP/1.1" 200 10148
DEBUG:urllib3.connectionpool:Starting new HTTPS connection (1): www.linkedin.com:443
DEBUG:urllib3.connectionpool:https://www.linkedin.com:443 "GET /jobs-guest/jobs/api/jobPosting/3855303515 HTTP/1.1" 200 10967
DEBUG:urllib3.connectionpool:Starting new HTTPS connection (1): www.linkedin.com:443
DEBUG:urllib3.connectionpool:https://www.linkedin.com:443 "GET /jobs-guest/jobs/api/jobPosting/3855783235 HTTP/1.1" 200 7245
DEBUG:urllib3.connectionpool:Starting new HTTPS connection (1): www.linkedin.com:443
DEBUG:urllib3.connectionpool:https://www.linkedin.com:443 "GET /jobs-guest/jobs/api/jobPosting/3773613814 HTTP/1.1" 200 9841
DEBUG:urllib3.connectionpool:Starting new HTTPS connection (1): www.linkedin.com:443
DEBUG:urllib3.connectionpool:https://www.linkedin.com:443 "GET /jobs-guest/jobs/api/jobPosting/3866569289 HTTP/1.1" 200 10727
DEBUG:urllib3.connectionpool:Starting new HTTPS connection (1): www.linkedin.com:443
DEBUG:urllib3.connectionpool:https://www.linkedin.com:443 "GET /jobs-guest/jobs/api/jobPosting/3817322336 HTTP/1.1" 200 9494
DEBUG:urllib3.connectionpool:Starting new HTTPS connection (1): www.linkedin.com:443
DEBUG:urllib3.connectionpool:https://www.linkedin.com:443 "GET /jobs-guest/jobs/api/jobPosting/3828521626 HTTP/1.1" 200 6252
DEBUG:urllib3.connectionpool:Starting new HTTPS connection (1): www.linkedin.com:443
DEBUG:urllib3.connectionpool:https://www.linkedin.com:443 "GET /jobs-guest/jobs/api/jobPosting/3843527002 HTTP/1.1" 200 8052
DEBUG:urllib3.connectionpool:Starting new HTTPS connection (1): www.linkedin.com:443
DEBUG:urllib3.connectionpool:https://www.linkedin.com:443 "GET /jobs-guest/jobs/api/jobPosting/3868404741 HTTP/1.1" 200 6488
DEBUG:urllib3.connectionpool:Starting new HTTPS connection (1): www.linkedin.com:443
DEBUG:urllib3.connectionpool:https://www.linkedin.com:443 "GET /jobs-guest/jobs/api/jobPosting/3833686950 HTTP/1.1" 200 9402
DEBUG:urllib3.connectionpool:Starting new HTTPS connection (1): www.linkedin.com:443
DEBUG:urllib3.connectionpool:https://www.linkedin.com:443 "GET /jobs-guest/jobs/api/jobPosting/3859580688 HTTP/1.1" 200 6804
DEBUG:urllib3.connectionpool:Starting new HTTPS connection (1): www.linkedin.com:443
DEBUG:urllib3.connectionpool:https://www.linkedin.com:443 "GET /jobs-guest/jobs/api/jobPosting/3873349156 HTTP/1.1" 200 7089
DEBUG:urllib3.connectionpool:Starting new HTTPS connection (1): www.linkedin.com:443
DEBUG:urllib3.connectionpool:https://www.linkedin.com:443 "GET /jobs-guest/jobs/api/jobPosting/3864760872 HTTP/1.1" 200 6254
DEBUG:urllib3.connectionpool:Starting new HTTPS connection (1): www.linkedin.com:443
DEBUG:urllib3.connectionpool:https://www.linkedin.com:443 "GET /jobs-guest/jobs/api/jobPosting/3688875998 HTTP/1.1" 200 10514
DEBUG:urllib3.connectionpool:Starting new HTTPS connection (1): www.linkedin.com:443
DEBUG:urllib3.connectionpool:https://www.linkedin.com:443 "GET /jobs-guest/jobs/api/jobPosting/3863366602 HTTP/1.1" 200 6349
DEBUG:urllib3.connectionpool:Starting new HTTPS connection (1): www.linkedin.com:443
DEBUG:urllib3.connectionpool:https://www.linkedin.com:443 "GET /jobs-guest/jobs/api/jobPosting/3804097157 HTTP/1.1" 200 9216
DEBUG:urllib3.connectionpool:Starting new HTTPS connection (1): www.linkedin.com:443
DEBUG:urllib3.connectionpool:https://www.linkedin.com:443 "GET /jobs-guest/jobs/api/jobPosting/3840490834 HTTP/1.1" 200 10096
DEBUG:urllib3.connectionpool:Starting new HTTPS connection (1): www.linkedin.com:443
DEBUG:urllib3.connectionpool:https://www.linkedin.com:443 "GET /jobs-guest/jobs/api/jobPosting/3856934157 HTTP/1.1" 200 10332
DEBUG:urllib3.connectionpool:Starting new HTTPS connection (1): www.linkedin.com:443
DEBUG:urllib3.connectionpool:https://www.linkedin.com:443 "GET /jobs-guest/jobs/api/jobPosting/3854438049 HTTP/1.1" 200 9519
DEBUG:urllib3.connectionpool:Starting new HTTPS connection (1): www.linkedin.com:443
DEBUG:urllib3.connectionpool:https://www.linkedin.com:443 "GET /jobs-guest/jobs/api/jobPosting/3845614094 HTTP/1.1" 200 10244
DEBUG:urllib3.connectionpool:Starting new HTTPS connection (1): www.linkedin.com:443
DEBUG:urllib3.connectionpool:https://www.linkedin.com:443 "GET /jobs-guest/jobs/api/jobPosting/3715671166 HTTP/1.1" 200 9555
DEBUG:urllib3.connectionpool:Starting new HTTPS connection (1): www.linkedin.com:443
DEBUG:urllib3.connectionpool:https://www.linkedin.com:443 "GET /jobs-guest/jobs/api/jobPosting/3843525050 HTTP/1.1" 200 8071
DEBUG:urllib3.connectionpool:Starting new HTTPS connection (1): www.linkedin.com:443
DEBUG:urllib3.connectionpool:https://www.linkedin.com:443 "GET /jobs-guest/jobs/api/jobPosting/3876531384 HTTP/1.1" 200 6499
DEBUG:urllib3.connectionpool:Starting new HTTPS connection (1): www.linkedin.com:443
DEBUG:urllib3.connectionpool:https://www.linkedin.com:443 "GET /jobs-guest/jobs/api/jobPosting/3860727641 HTTP/1.1" 200 10646
DEBUG:urllib3.connectionpool:Starting new HTTPS connection (1): www.linkedin.com:443
DEBUG:urllib3.connectionpool:https://www.linkedin.com:443 "GET /jobs-guest/jobs/api/jobPosting/3695770733 HTTP/1.1" 200 7026
DEBUG:urllib3.connectionpool:Starting new HTTPS connection (1): www.linkedin.com:443
DEBUG:urllib3.connectionpool:https://www.linkedin.com:443 "GET /jobs-guest/jobs/api/jobPosting/3855211970 HTTP/1.1" 200 9539
DEBUG:urllib3.connectionpool:Starting new HTTPS connection (1): www.linkedin.com:443
DEBUG:urllib3.connectionpool:https://www.linkedin.com:443 "GET /jobs-guest/jobs/api/jobPosting/3800051786 HTTP/1.1" 200 6795
DEBUG:urllib3.connectionpool:Starting new HTTPS connection (1): www.linkedin.com:443
DEBUG:urllib3.connectionpool:https://www.linkedin.com:443 "GET /jobs-guest/jobs/api/jobPosting/3873076190 HTTP/1.1" 200 9202
DEBUG:urllib3.connectionpool:Starting new HTTPS connection (1): www.linkedin.com:443
DEBUG:urllib3.connectionpool:https://www.linkedin.com:443 "GET /jobs-guest/jobs/api/jobPosting/3786901777 HTTP/1.1" 200 6724
DEBUG:urllib3.connectionpool:Starting new HTTPS connection (1): www.linkedin.com:443
DEBUG:urllib3.connectionpool:https://www.linkedin.com:443 "GET /jobs-guest/jobs/api/jobPosting/3837046825 HTTP/1.1" 200 10278
DEBUG:urllib3.connectionpool:Starting new HTTPS connection (1): www.linkedin.com:443
DEBUG:urllib3.connectionpool:https://www.linkedin.com:443 "GET /jobs-guest/jobs/api/jobPosting/3840492158 HTTP/1.1" 200 10235
DEBUG:urllib3.connectionpool:Starting new HTTPS connection (1): www.linkedin.com:443
DEBUG:urllib3.connectionpool:https://www.linkedin.com:443 "GET /jobs-guest/jobs/api/jobPosting/3860578417 HTTP/1.1" 200 10151
DEBUG:urllib3.connectionpool:Starting new HTTPS connection (1): www.linkedin.com:443
DEBUG:urllib3.connectionpool:https://www.linkedin.com:443 "GET /jobs-guest/jobs/api/jobPosting/3837053591 HTTP/1.1" 200 10515
INFO:root:SUCCESS: Connection to RDS Postgres instance succeeded
DEBUG:urllib3.connectionpool:Starting new HTTPS connection (1): www.linkedin.com:443
DEBUG:urllib3.connectionpool:https://www.linkedin.com:443 "GET /jobs-guest/jobs/api/jobPosting/3829053920 HTTP/1.1" 200 8069
DEBUG:urllib3.connectionpool:Starting new HTTPS connection (1): www.linkedin.com:443
DEBUG:urllib3.connectionpool:https://www.linkedin.com:443 "GET /jobs-guest/jobs/api/jobPosting/3855211970 HTTP/1.1" 200 9544
DEBUG:urllib3.connectionpool:Starting new HTTPS connection (1): www.linkedin.com:443
DEBUG:urllib3.connectionpool:https://www.linkedin.com:443 "GET /jobs-guest/jobs/api/jobPosting/3860727641 HTTP/1.1" 200 10648
DEBUG:urllib3.connectionpool:Starting new HTTPS connection (1): www.linkedin.com:443
DEBUG:urllib3.connectionpool:https://www.linkedin.com:443 "GET /jobs-guest/jobs/api/jobPosting/3866274757 HTTP/1.1" 200 6583
DEBUG:urllib3.connectionpool:Starting new HTTPS connection (1): www.linkedin.com:443
DEBUG:urllib3.connectionpool:https://www.linkedin.com:443 "GET /jobs-guest/jobs/api/jobPosting/3837546488 HTTP/1.1" 200 10339
DEBUG:urllib3.connectionpool:Starting new HTTPS connection (1): www.linkedin.com:443
DEBUG:urllib3.connectionpool:https://www.linkedin.com:443 "GET /jobs-guest/jobs/api/jobPosting/3840492158 HTTP/1.1" 200 10240
DEBUG:urllib3.connectionpool:Starting new HTTPS connection (1): www.linkedin.com:443
DEBUG:urllib3.connectionpool:https://www.linkedin.com:443 "GET /jobs-guest/jobs/api/jobPosting/3790470430 HTTP/1.1" 200 9353
DEBUG:urllib3.connectionpool:Starting new HTTPS connection (1): www.linkedin.com:443
DEBUG:urllib3.connectionpool:https://www.linkedin.com:443 "GET /jobs-guest/jobs/api/jobPosting/3864760872 HTTP/1.1" 200 6249
DEBUG:urllib3.connectionpool:Starting new HTTPS connection (1): www.linkedin.com:443
DEBUG:urllib3.connectionpool:https://www.linkedin.com:443 "GET /jobs-guest/jobs/api/jobPosting/3845614094 HTTP/1.1" 200 10243
DEBUG:urllib3.connectionpool:Starting new HTTPS connection (1): www.linkedin.com:443
DEBUG:urllib3.connectionpool:https://www.linkedin.com:443 "GET /jobs-guest/jobs/api/jobPosting/3860720853 HTTP/1.1" 200 9816
DEBUG:urllib3.connectionpool:Starting new HTTPS connection (1): www.linkedin.com:443
DEBUG:urllib3.connectionpool:https://www.linkedin.com:443 "GET /jobs-guest/jobs/api/jobPosting/3873076190 HTTP/1.1" 200 9203
DEBUG:urllib3.connectionpool:Starting new HTTPS connection (1): www.linkedin.com:443
DEBUG:urllib3.connectionpool:https://www.linkedin.com:443 "GET /jobs-guest/jobs/api/jobPosting/3840494102 HTTP/1.1" 200 10236
DEBUG:urllib3.connectionpool:Starting new HTTPS connection (1): www.linkedin.com:443
DEBUG:urllib3.connectionpool:https://www.linkedin.com:443 "GET /jobs-guest/jobs/api/jobPosting/3854438049 HTTP/1.1" 200 9524
DEBUG:urllib3.connectionpool:Starting new HTTPS connection (1): www.linkedin.com:443
DEBUG:urllib3.connectionpool:https://www.linkedin.com:443 "GET /jobs-guest/jobs/api/jobPosting/3773465209 HTTP/1.1" 200 9535
DEBUG:urllib3.connectionpool:Starting new HTTPS connection (1): www.linkedin.com:443
DEBUG:urllib3.connectionpool:https://www.linkedin.com:443 "GET /jobs-guest/jobs/api/jobPosting/3860728312 HTTP/1.1" 200 10427
DEBUG:urllib3.connectionpool:Starting new HTTPS connection (1): www.linkedin.com:443
DEBUG:urllib3.connectionpool:https://www.linkedin.com:443 "GET /jobs-guest/jobs/api/jobPosting/3866569289 HTTP/1.1" 200 10735
DEBUG:urllib3.connectionpool:Starting new HTTPS connection (1): www.linkedin.com:443
DEBUG:urllib3.connectionpool:https://www.linkedin.com:443 "GET /jobs-guest/jobs/api/jobPosting/3715671166 HTTP/1.1" 200 9559
DEBUG:urllib3.connectionpool:Starting new HTTPS connection (1): www.linkedin.com:443
DEBUG:urllib3.connectionpool:https://www.linkedin.com:443 "GET /jobs-guest/jobs/api/jobPosting/3773613814 HTTP/1.1" 200 9843
DEBUG:urllib3.connectionpool:Starting new HTTPS connection (1): www.linkedin.com:443
DEBUG:urllib3.connectionpool:https://www.linkedin.com:443 "GET /jobs-guest/jobs/api/jobPosting/3800051786 HTTP/1.1" 200 6771
DEBUG:urllib3.connectionpool:Starting new HTTPS connection (1): www.linkedin.com:443
DEBUG:urllib3.connectionpool:https://www.linkedin.com:443 "GET /jobs-guest/jobs/api/jobPosting/3786901777 HTTP/1.1" 200 6723
DEBUG:urllib3.connectionpool:Starting new HTTPS connection (1): www.linkedin.com:443
DEBUG:urllib3.connectionpool:https://www.linkedin.com:443 "GET /jobs-guest/jobs/api/jobPosting/3876531384 HTTP/1.1" 200 6494
DEBUG:urllib3.connectionpool:Starting new HTTPS connection (1): www.linkedin.com:443
DEBUG:urllib3.connectionpool:https://www.linkedin.com:443 "GET /jobs-guest/jobs/api/jobPosting/3867763030 HTTP/1.1" 200 9266
DEBUG:urllib3.connectionpool:Starting new HTTPS connection (1): www.linkedin.com:443
DEBUG:urllib3.connectionpool:https://www.linkedin.com:443 "GET /jobs-guest/jobs/api/jobPosting/3804097157 HTTP/1.1" 200 9213
DEBUG:urllib3.connectionpool:Starting new HTTPS connection (1): www.linkedin.com:443
DEBUG:urllib3.connectionpool:https://www.linkedin.com:443 "GET /jobs-guest/jobs/api/jobPosting/3856934157 HTTP/1.1" 200 10333
DEBUG:urllib3.connectionpool:Starting new HTTPS connection (1): www.linkedin.com:443
DEBUG:urllib3.connectionpool:https://www.linkedin.com:443 "GET /jobs-guest/jobs/api/jobPosting/3848126299 HTTP/1.1" 200 10331
DEBUG:urllib3.connectionpool:Starting new HTTPS connection (1): www.linkedin.com:443
DEBUG:urllib3.connectionpool:https://www.linkedin.com:443 "GET /jobs-guest/jobs/api/jobPosting/3843527002 HTTP/1.1" 200 8026
DEBUG:urllib3.connectionpool:Starting new HTTPS connection (1): www.linkedin.com:443
DEBUG:urllib3.connectionpool:https://www.linkedin.com:443 "GET /jobs-guest/jobs/api/jobPosting/3860578417 HTTP/1.1" 200 10153
DEBUG:urllib3.connectionpool:Starting new HTTPS connection (1): www.linkedin.com:443
DEBUG:urllib3.connectionpool:https://www.linkedin.com:443 "GET /jobs-guest/jobs/api/jobPosting/3837053591 HTTP/1.1" 200 10521
DEBUG:urllib3.connectionpool:Starting new HTTPS connection (1): www.linkedin.com:443
DEBUG:urllib3.connectionpool:https://www.linkedin.com:443 "GET /jobs-guest/jobs/api/jobPosting/3854919746 HTTP/1.1" 200 6824
DEBUG:urllib3.connectionpool:Starting new HTTPS connection (1): www.linkedin.com:443
DEBUG:urllib3.connectionpool:https://www.linkedin.com:443 "GET /jobs-guest/jobs/api/jobPosting/3695770733 HTTP/1.1" 200 7027
DEBUG:urllib3.connectionpool:Starting new HTTPS connection (1): www.linkedin.com:443
DEBUG:urllib3.connectionpool:https://www.linkedin.com:443 "GET /jobs-guest/jobs/api/jobPosting/3859580688 HTTP/1.1" 200 6806
DEBUG:urllib3.connectionpool:Starting new HTTPS connection (1): www.linkedin.com:443
DEBUG:urllib3.connectionpool:https://www.linkedin.com:443 "GET /jobs-guest/jobs/api/jobPosting/3833686950 HTTP/1.1" 200 9398
DEBUG:urllib3.connectionpool:Starting new HTTPS connection (1): www.linkedin.com:443
DEBUG:urllib3.connectionpool:https://www.linkedin.com:443 "GET /jobs-guest/jobs/api/jobPosting/3855303515 HTTP/1.1" 200 10965
DEBUG:urllib3.connectionpool:Starting new HTTPS connection (1): www.linkedin.com:443
DEBUG:urllib3.connectionpool:https://www.linkedin.com:443 "GET /jobs-guest/jobs/api/jobPosting/3845436118 HTTP/1.1" 200 9684
DEBUG:urllib3.connectionpool:Starting new HTTPS connection (1): www.linkedin.com:443
DEBUG:urllib3.connectionpool:https://www.linkedin.com:443 "GET /jobs-guest/jobs/api/jobPosting/3832366392 HTTP/1.1" 200 7559
DEBUG:urllib3.connectionpool:Starting new HTTPS connection (1): www.linkedin.com:443
DEBUG:urllib3.connectionpool:https://www.linkedin.com:443 "GET /jobs-guest/jobs/api/jobPosting/3323570962 HTTP/1.1" 200 9887
DEBUG:urllib3.connectionpool:Starting new HTTPS connection (1): www.linkedin.com:443
DEBUG:urllib3.connectionpool:https://www.linkedin.com:443 "GET /jobs-guest/jobs/api/jobPosting/3855783235 HTTP/1.1" 200 7255
DEBUG:urllib3.connectionpool:Starting new HTTPS connection (1): www.linkedin.com:443
DEBUG:urllib3.connectionpool:https://www.linkedin.com:443 "GET /jobs-guest/jobs/api/jobPosting/3837046825 HTTP/1.1" 200 10280
DEBUG:urllib3.connectionpool:Starting new HTTPS connection (1): www.linkedin.com:443
DEBUG:urllib3.connectionpool:https://www.linkedin.com:443 "GET /jobs-guest/jobs/api/jobPosting/3860731096 HTTP/1.1" 200 10822
DEBUG:urllib3.connectionpool:Starting new HTTPS connection (1): www.linkedin.com:443
DEBUG:urllib3.connectionpool:https://www.linkedin.com:443 "GET /jobs-guest/jobs/api/jobPosting/3843525050 HTTP/1.1" 200 8068
DEBUG:urllib3.connectionpool:Starting new HTTPS connection (1): www.linkedin.com:443
DEBUG:urllib3.connectionpool:https://www.linkedin.com:443 "GET /jobs-guest/jobs/api/jobPosting/3817322336 HTTP/1.1" 200 9488
DEBUG:urllib3.connectionpool:Starting new HTTPS connection (1): www.linkedin.com:443
DEBUG:urllib3.connectionpool:https://www.linkedin.com:443 "GET /jobs-guest/jobs/api/jobPosting/3863366602 HTTP/1.1" 200 6351
DEBUG:urllib3.connectionpool:Starting new HTTPS connection (1): www.linkedin.com:443
DEBUG:urllib3.connectionpool:https://www.linkedin.com:443 "GET /jobs-guest/jobs/api/jobPosting/3819395205 HTTP/1.1" 200 9546
DEBUG:urllib3.connectionpool:Starting new HTTPS connection (1): www.linkedin.com:443
DEBUG:urllib3.connectionpool:https://www.linkedin.com:443 "GET /jobs-guest/jobs/api/jobPosting/3828521626 HTTP/1.1" 429 792
DEBUG:urllib3.connectionpool:Starting new HTTPS connection (1): www.linkedin.com:443
DEBUG:urllib3.connectionpool:https://www.linkedin.com:443 "GET /jobs-guest/jobs/api/jobPosting/3873349156 HTTP/1.1" 200 7089
DEBUG:urllib3.connectionpool:Starting new HTTPS connection (1): www.linkedin.com:443
DEBUG:urllib3.connectionpool:https://www.linkedin.com:443 "GET /jobs-guest/jobs/api/jobPosting/3840490834 HTTP/1.1" 200 10103
DEBUG:urllib3.connectionpool:Starting new HTTPS connection (1): www.linkedin.com:443
DEBUG:urllib3.connectionpool:https://www.linkedin.com:443 "GET /jobs-guest/jobs/api/jobPosting/3853031854 HTTP/1.1" 200 6659
DEBUG:urllib3.connectionpool:Starting new HTTPS connection (1): www.linkedin.com:443
DEBUG:urllib3.connectionpool:https://www.linkedin.com:443 "GET /jobs-guest/jobs/api/jobPosting/3868404741 HTTP/1.1" 200 6487
DEBUG:urllib3.connectionpool:Starting new HTTPS connection (1): www.linkedin.com:443
DEBUG:urllib3.connectionpool:https://www.linkedin.com:443 "GET /jobs-guest/jobs/api/jobPosting/3856932775 HTTP/1.1" 200 10874
DEBUG:urllib3.connectionpool:Starting new HTTPS connection (1): www.linkedin.com:443
DEBUG:urllib3.connectionpool:https://www.linkedin.com:443 "GET /jobs-guest/jobs/api/jobPosting/3857161424 HTTP/1.1" 200 10942
DEBUG:urllib3.connectionpool:Starting new HTTPS connection (1): www.linkedin.com:443
DEBUG:urllib3.connectionpool:https://www.linkedin.com:443 "GET /jobs-guest/jobs/api/jobPosting/3840492157 HTTP/1.1" 200 10292
DEBUG:urllib3.connectionpool:Starting new HTTPS connection (1): www.linkedin.com:443
DEBUG:urllib3.connectionpool:https://www.linkedin.com:443 "GET /jobs-guest/jobs/api/jobPosting/3837050323 HTTP/1.1" 200 10147
DEBUG:urllib3.connectionpool:Starting new HTTPS connection (1): www.linkedin.com:443
DEBUG:urllib3.connectionpool:https://www.linkedin.com:443 "GET /jobs-guest/jobs/api/jobPosting/3688875998 HTTP/1.1" 429 24633
INFO:root:SUCCESS: Connection to RDS Postgres instance succeeded
DEBUG:urllib3.connectionpool:Starting new HTTPS connection (1): www.linkedin.com:443
DEBUG:urllib3.connectionpool:https://www.linkedin.com:443 "GET /jobs-guest/jobs/api/jobPosting/3840492158 HTTP/1.1" 200 10234
DEBUG:urllib3.connectionpool:Starting new HTTPS connection (1): www.linkedin.com:443
DEBUG:urllib3.connectionpool:https://www.linkedin.com:443 "GET /jobs-guest/jobs/api/jobPosting/3840494102 HTTP/1.1" 200 10237
DEBUG:urllib3.connectionpool:Starting new HTTPS connection (1): www.linkedin.com:443
DEBUG:urllib3.connectionpool:https://www.linkedin.com:443 "GET /jobs-guest/jobs/api/jobPosting/3876531384 HTTP/1.1" 200 6496
DEBUG:urllib3.connectionpool:Starting new HTTPS connection (1): www.linkedin.com:443
DEBUG:urllib3.connectionpool:https://www.linkedin.com:443 "GET /jobs-guest/jobs/api/jobPosting/3790470430 HTTP/1.1" 200 9346
DEBUG:urllib3.connectionpool:Starting new HTTPS connection (1): www.linkedin.com:443
DEBUG:urllib3.connectionpool:https://www.linkedin.com:443 "GET /jobs-guest/jobs/api/jobPosting/3873349156 HTTP/1.1" 200 7094
DEBUG:urllib3.connectionpool:Starting new HTTPS connection (1): www.linkedin.com:443
DEBUG:urllib3.connectionpool:https://www.linkedin.com:443 "GET /jobs-guest/jobs/api/jobPosting/3695770733 HTTP/1.1" 200 7025
DEBUG:urllib3.connectionpool:Starting new HTTPS connection (1): www.linkedin.com:443
DEBUG:urllib3.connectionpool:https://www.linkedin.com:443 "GET /jobs-guest/jobs/api/jobPosting/3845614094 HTTP/1.1" 200 10245
DEBUG:urllib3.connectionpool:Starting new HTTPS connection (1): www.linkedin.com:443
DEBUG:urllib3.connectionpool:https://www.linkedin.com:443 "GET /jobs-guest/jobs/api/jobPosting/3840492157 HTTP/1.1" 200 10290
DEBUG:urllib3.connectionpool:Starting new HTTPS connection (1): www.linkedin.com:443
DEBUG:urllib3.connectionpool:https://www.linkedin.com:443 "GET /jobs-guest/jobs/api/jobPosting/3837546488 HTTP/1.1" 200 10340
DEBUG:urllib3.connectionpool:Starting new HTTPS connection (1): www.linkedin.com:443
DEBUG:urllib3.connectionpool:https://www.linkedin.com:443 "GET /jobs-guest/jobs/api/jobPosting/3843525050 HTTP/1.1" 200 8068
DEBUG:urllib3.connectionpool:Starting new HTTPS connection (1): www.linkedin.com:443
DEBUG:urllib3.connectionpool:https://www.linkedin.com:443 "GET /jobs-guest/jobs/api/jobPosting/3819395205 HTTP/1.1" 200 9542
DEBUG:urllib3.connectionpool:Starting new HTTPS connection (1): www.linkedin.com:443
DEBUG:urllib3.connectionpool:https://www.linkedin.com:443 "GET /jobs-guest/jobs/api/jobPosting/3840490834 HTTP/1.1" 200 10097
INFO:root:SUCCESS: Connection to RDS Postgres instance succeeded
DEBUG:urllib3.connectionpool:Starting new HTTPS connection (1): www.linkedin.com:443
DEBUG:urllib3.connectionpool:https://www.linkedin.com:443 "GET /jobs-guest/jobs/api/jobPosting/3840492158 HTTP/1.1" 200 10238
DEBUG:urllib3.connectionpool:Starting new HTTPS connection (1): www.linkedin.com:443
DEBUG:urllib3.connectionpool:https://www.linkedin.com:443 "GET /jobs-guest/jobs/api/jobPosting/3695770733 HTTP/1.1" 200 7027
DEBUG:urllib3.connectionpool:Starting new HTTPS connection (1): www.linkedin.com:443
DEBUG:urllib3.connectionpool:https://www.linkedin.com:443 "GET /jobs-guest/jobs/api/jobPosting/3843525050 HTTP/1.1" 200 8003
DEBUG:urllib3.connectionpool:Starting new HTTPS connection (1): www.linkedin.com:443
DEBUG:urllib3.connectionpool:https://www.linkedin.com:443 "GET /jobs-guest/jobs/api/jobPosting/3840490834 HTTP/1.1" 200 10096
DEBUG:urllib3.connectionpool:Starting new HTTPS connection (1): www.linkedin.com:443
DEBUG:urllib3.connectionpool:https://www.linkedin.com:443 "GET /jobs-guest/jobs/api/jobPosting/3819395205 HTTP/1.1" 200 9540
DEBUG:urllib3.connectionpool:Starting new HTTPS connection (1): www.linkedin.com:443
DEBUG:urllib3.connectionpool:https://www.linkedin.com:443 "GET /jobs-guest/jobs/api/jobPosting/3840494102 HTTP/1.1" 200 10238
DEBUG:urllib3.connectionpool:Starting new HTTPS connection (1): www.linkedin.com:443
DEBUG:urllib3.connectionpool:https://www.linkedin.com:443 "GET /jobs-guest/jobs/api/jobPosting/3837546488 HTTP/1.1" 200 10336
DEBUG:urllib3.connectionpool:Starting new HTTPS connection (1): www.linkedin.com:443
DEBUG:urllib3.connectionpool:https://www.linkedin.com:443 "GET /jobs-guest/jobs/api/jobPosting/3873349156 HTTP/1.1" 200 7088
DEBUG:urllib3.connectionpool:Starting new HTTPS connection (1): www.linkedin.com:443
DEBUG:urllib3.connectionpool:https://www.linkedin.com:443 "GET /jobs-guest/jobs/api/jobPosting/3845614094 HTTP/1.1" 200 10241
DEBUG:urllib3.connectionpool:Starting new HTTPS connection (1): www.linkedin.com:443
DEBUG:urllib3.connectionpool:https://www.linkedin.com:443 "GET /jobs-guest/jobs/api/jobPosting/3876531384 HTTP/1.1" 200 6498
DEBUG:urllib3.connectionpool:Starting new HTTPS connection (1): www.linkedin.com:443
DEBUG:urllib3.connectionpool:https://www.linkedin.com:443 "GET /jobs-guest/jobs/api/jobPosting/3840492157 HTTP/1.1" 200 10291
DEBUG:urllib3.connectionpool:Starting new HTTPS connection (1): www.linkedin.com:443
DEBUG:urllib3.connectionpool:https://www.linkedin.com:443 "GET /jobs-guest/jobs/api/jobPosting/3790470430 HTTP/1.1" 200 9353
INFO:root:SUCCESS: Connection to RDS Postgres instance succeeded
DEBUG:urllib3.connectionpool:Starting new HTTPS connection (1): www.linkedin.com:443
DEBUG:urllib3.connectionpool:https://www.linkedin.com:443 "GET /jobs-guest/jobs/api/jobPosting/3876531384 HTTP/1.1" 200 6453
DEBUG:urllib3.connectionpool:Starting new HTTPS connection (1): www.linkedin.com:443
DEBUG:urllib3.connectionpool:https://www.linkedin.com:443 "GET /jobs-guest/jobs/api/jobPosting/3845614094 HTTP/1.1" 200 10247
DEBUG:urllib3.connectionpool:Starting new HTTPS connection (1): www.linkedin.com:443
DEBUG:urllib3.connectionpool:https://www.linkedin.com:443 "GET /jobs-guest/jobs/api/jobPosting/3837546488 HTTP/1.1" 200 10339
DEBUG:urllib3.connectionpool:Starting new HTTPS connection (1): www.linkedin.com:443
DEBUG:urllib3.connectionpool:https://www.linkedin.com:443 "GET /jobs-guest/jobs/api/jobPosting/3695770733 HTTP/1.1" 200 6980
DEBUG:urllib3.connectionpool:Starting new HTTPS connection (1): www.linkedin.com:443
DEBUG:urllib3.connectionpool:https://www.linkedin.com:443 "GET /jobs-guest/jobs/api/jobPosting/3843525050 HTTP/1.1" 200 8072
DEBUG:urllib3.connectionpool:Starting new HTTPS connection (1): www.linkedin.com:443
DEBUG:urllib3.connectionpool:https://www.linkedin.com:443 "GET /jobs-guest/jobs/api/jobPosting/3840492157 HTTP/1.1" 200 10292
DEBUG:urllib3.connectionpool:Starting new HTTPS connection (1): www.linkedin.com:443
DEBUG:urllib3.connectionpool:https://www.linkedin.com:443 "GET /jobs-guest/jobs/api/jobPosting/3840494102 HTTP/1.1" 200 10236
DEBUG:urllib3.connectionpool:Starting new HTTPS connection (1): www.linkedin.com:443
DEBUG:urllib3.connectionpool:https://www.linkedin.com:443 "GET /jobs-guest/jobs/api/jobPosting/3819395205 HTTP/1.1" 200 9543
DEBUG:urllib3.connectionpool:Starting new HTTPS connection (1): www.linkedin.com:443
DEBUG:urllib3.connectionpool:https://www.linkedin.com:443 "GET /jobs-guest/jobs/api/jobPosting/3873349156 HTTP/1.1" 200 7089
DEBUG:urllib3.connectionpool:Starting new HTTPS connection (1): www.linkedin.com:443
DEBUG:urllib3.connectionpool:https://www.linkedin.com:443 "GET /jobs-guest/jobs/api/jobPosting/3840490834 HTTP/1.1" 200 10099
DEBUG:urllib3.connectionpool:Starting new HTTPS connection (1): www.linkedin.com:443
DEBUG:urllib3.connectionpool:https://www.linkedin.com:443 "GET /jobs-guest/jobs/api/jobPosting/3790470430 HTTP/1.1" 200 9352
DEBUG:urllib3.connectionpool:Starting new HTTPS connection (1): www.linkedin.com:443
DEBUG:urllib3.connectionpool:https://www.linkedin.com:443 "GET /jobs-guest/jobs/api/jobPosting/3840492158 HTTP/1.1" 200 10237
INFO:root:SUCCESS: Connection to RDS Postgres instance succeeded
INFO:root:The following items have been found in the db:
INFO:root:('3840494127', 'Boo', 'Backend Engineer (Remote, Flexi Schedule)', 'Entry level', ['rest', 'frontend', 'sql', 'ci', 'api', 'backend', 'computer science', 'ai', 'cloud', 'ui', 'secure', 'git', 'java', 'python', 'design'])
INFO:root:('3819395205', 'Univers', 'Software Engineer (Backend) Intern', 'Internship', ['sql', 'ci', 'backend', 'computer science', 'ai', 'cloud', 'ui', 'algorithm', 'java'])
INFO:root:('3790470430', 'GECO Asia Pte Ltd', 'Junior Web Developer', 'Entry level', ['rest', 'frontend', 'ci', 'ux', 'backend', 'computer science', 'artificial intelligence', 'cloud', 'ai', 'ui', 'git', 'javascript', 'java', 'design'])
INFO:root:('3840494102', 'Boo', 'Backend Engineer', 'Entry level', ['rest', 'frontend', 'sql', 'ci', 'api', 'backend', 'computer science', 'ai', 'cloud', 'ui', 'secure', 'git', 'java', 'python', 'design'])
INFO:root:('3828521626', 'ASUS', 'Software Engineer - Backend', 'Mid-Senior level', ['sql', 'backend', 'ai', 'cloud', 'ui', 'javascript', 'algorithm', 'java', 'python', 'design'])
INFO:root:('3837050323', 'NodeFlair - Tech Salaries, Jobs & more', 'Software Engineer - Backend', 'Entry level', ['frontend', 'api', 'ci', 'backend', 'ai', 'cloud', 'ui', 'java', 'python', 'react', 'rest'])
INFO:root:('3800489244', 'minden.ai', 'Senior Software Engineer (Backend)', 'Mid-Senior level', ['ci', 'devops', 'backend', 'cd', 'computer science', 'ai', 'ui', 'deployment', 'design'])
INFO:root:('3843525050', 'Activate Interactive', 'Software Engineer (NodeJS or Golang)', 'Associate', ['rest', 'frontend', 'ci', 'backend', 'ai', 'cloud', 'ui', 'git', 'javascript', 'deployment', 'java', 'python', 'react', 'design'])
INFO:root:('3837053591', 'Swif', 'Backend Developer (Scala/Java)', 'Not Applicable', ['api', 'ci', 'backend', 'ai', 'ui', 'java', 'python', 'design'])
INFO:root:Found 9 items in RDS Postgres table details
INFO:root:SUCCESS: Connection to RDS Postgres instance succeeded
DEBUG:urllib3.connectionpool:Starting new HTTPS connection (1): www.linkedin.com:443
DEBUG:urllib3.connectionpool:https://www.linkedin.com:443 "GET /jobs-guest/jobs/api/jobPosting/3840492157 HTTP/1.1" 200 10289
DEBUG:urllib3.connectionpool:Starting new HTTPS connection (1): www.linkedin.com:443
DEBUG:urllib3.connectionpool:https://www.linkedin.com:443 "GET /jobs-guest/jobs/api/jobPosting/3843525050 HTTP/1.1" 200 8071
DEBUG:urllib3.connectionpool:Starting new HTTPS connection (1): www.linkedin.com:443
DEBUG:urllib3.connectionpool:https://www.linkedin.com:443 "GET /jobs-guest/jobs/api/jobPosting/3819395205 HTTP/1.1" 200 9543
DEBUG:urllib3.connectionpool:Starting new HTTPS connection (1): www.linkedin.com:443
DEBUG:urllib3.connectionpool:https://www.linkedin.com:443 "GET /jobs-guest/jobs/api/jobPosting/3695770733 HTTP/1.1" 200 7024
DEBUG:urllib3.connectionpool:Starting new HTTPS connection (1): www.linkedin.com:443
DEBUG:urllib3.connectionpool:https://www.linkedin.com:443 "GET /jobs-guest/jobs/api/jobPosting/3845614094 HTTP/1.1" 429 24633
DEBUG:urllib3.connectionpool:Starting new HTTPS connection (1): www.linkedin.com:443
DEBUG:urllib3.connectionpool:https://www.linkedin.com:443 "GET /jobs-guest/jobs/api/jobPosting/3840490834 HTTP/1.1" 200 10095
DEBUG:urllib3.connectionpool:Starting new HTTPS connection (1): www.linkedin.com:443
DEBUG:urllib3.connectionpool:https://www.linkedin.com:443 "GET /jobs-guest/jobs/api/jobPosting/3837546488 HTTP/1.1" 429 24633
DEBUG:urllib3.connectionpool:Starting new HTTPS connection (1): www.linkedin.com:443
DEBUG:urllib3.connectionpool:https://www.linkedin.com:443 "GET /jobs-guest/jobs/api/jobPosting/3840494102 HTTP/1.1" 200 10240
DEBUG:urllib3.connectionpool:Starting new HTTPS connection (1): www.linkedin.com:443
DEBUG:urllib3.connectionpool:https://www.linkedin.com:443 "GET /jobs-guest/jobs/api/jobPosting/3876531384 HTTP/1.1" 429 24633
DEBUG:urllib3.connectionpool:Starting new HTTPS connection (1): www.linkedin.com:443
DEBUG:urllib3.connectionpool:https://www.linkedin.com:443 "GET /jobs-guest/jobs/api/jobPosting/3790470430 HTTP/1.1" 200 9353
DEBUG:urllib3.connectionpool:Starting new HTTPS connection (1): www.linkedin.com:443
DEBUG:urllib3.connectionpool:https://www.linkedin.com:443 "GET /jobs-guest/jobs/api/jobPosting/3840492158 HTTP/1.1" 200 10239
INFO:root:SUCCESS: Connection to RDS Postgres instance succeeded
DEBUG:urllib3.connectionpool:Starting new HTTPS connection (1): www.linkedin.com:443
DEBUG:urllib3.connectionpool:https://www.linkedin.com:443 "GET /jobs-guest/jobs/api/jobPosting/3876531384 HTTP/1.1" 200 6497
DEBUG:urllib3.connectionpool:Starting new HTTPS connection (1): www.linkedin.com:443
DEBUG:urllib3.connectionpool:https://www.linkedin.com:443 "GET /jobs-guest/jobs/api/jobPosting/3873349156 HTTP/1.1" 200 7091
DEBUG:urllib3.connectionpool:Starting new HTTPS connection (1): www.linkedin.com:443
DEBUG:urllib3.connectionpool:https://www.linkedin.com:443 "GET /jobs-guest/jobs/api/jobPosting/3790470430 HTTP/1.1" 200 9352
DEBUG:urllib3.connectionpool:Starting new HTTPS connection (1): www.linkedin.com:443
DEBUG:urllib3.connectionpool:https://www.linkedin.com:443 "GET /jobs-guest/jobs/api/jobPosting/3837546488 HTTP/1.1" 200 10340
DEBUG:urllib3.connectionpool:Starting new HTTPS connection (1): www.linkedin.com:443
DEBUG:urllib3.connectionpool:https://www.linkedin.com:443 "GET /jobs-guest/jobs/api/jobPosting/3819395205 HTTP/1.1" 200 9543
DEBUG:urllib3.connectionpool:Starting new HTTPS connection (1): www.linkedin.com:443
DEBUG:urllib3.connectionpool:https://www.linkedin.com:443 "GET /jobs-guest/jobs/api/jobPosting/3843525050 HTTP/1.1" 200 8069
DEBUG:urllib3.connectionpool:Starting new HTTPS connection (1): www.linkedin.com:443
DEBUG:urllib3.connectionpool:https://www.linkedin.com:443 "GET /jobs-guest/jobs/api/jobPosting/3840490834 HTTP/1.1" 200 10097
DEBUG:urllib3.connectionpool:Starting new HTTPS connection (1): www.linkedin.com:443
DEBUG:urllib3.connectionpool:https://www.linkedin.com:443 "GET /jobs-guest/jobs/api/jobPosting/3840492158 HTTP/1.1" 200 10239
DEBUG:urllib3.connectionpool:Starting new HTTPS connection (1): www.linkedin.com:443
DEBUG:urllib3.connectionpool:https://www.linkedin.com:443 "GET /jobs-guest/jobs/api/jobPosting/3845614094 HTTP/1.1" 200 10244
DEBUG:urllib3.connectionpool:Starting new HTTPS connection (1): www.linkedin.com:443
DEBUG:urllib3.connectionpool:https://www.linkedin.com:443 "GET /jobs-guest/jobs/api/jobPosting/3840494102 HTTP/1.1" 200 10235
DEBUG:urllib3.connectionpool:Starting new HTTPS connection (1): www.linkedin.com:443
DEBUG:urllib3.connectionpool:https://www.linkedin.com:443 "GET /jobs-guest/jobs/api/jobPosting/3840492157 HTTP/1.1" 200 10288
DEBUG:urllib3.connectionpool:Starting new HTTPS connection (1): www.linkedin.com:443
DEBUG:urllib3.connectionpool:https://www.linkedin.com:443 "GET /jobs-guest/jobs/api/jobPosting/3695770733 HTTP/1.1" 200 7031
INFO:root:SUCCESS: Connection to RDS Postgres instance succeeded
DEBUG:urllib3.connectionpool:Starting new HTTPS connection (1): www.linkedin.com:443
DEBUG:urllib3.connectionpool:https://www.linkedin.com:443 "GET /jobs-guest/jobs/api/jobPosting/3840494102 HTTP/1.1" 200 10240
DEBUG:urllib3.connectionpool:Starting new HTTPS connection (1): www.linkedin.com:443
DEBUG:urllib3.connectionpool:https://www.linkedin.com:443 "GET /jobs-guest/jobs/api/jobPosting/3876531384 HTTP/1.1" 200 6495
DEBUG:urllib3.connectionpool:Starting new HTTPS connection (1): www.linkedin.com:443
DEBUG:urllib3.connectionpool:https://www.linkedin.com:443 "GET /jobs-guest/jobs/api/jobPosting/3840492157 HTTP/1.1" 200 10290
DEBUG:urllib3.connectionpool:Starting new HTTPS connection (1): www.linkedin.com:443
DEBUG:urllib3.connectionpool:https://www.linkedin.com:443 "GET /jobs-guest/jobs/api/jobPosting/3840490834 HTTP/1.1" 200 10102
DEBUG:urllib3.connectionpool:Starting new HTTPS connection (1): www.linkedin.com:443
DEBUG:urllib3.connectionpool:https://www.linkedin.com:443 "GET /jobs-guest/jobs/api/jobPosting/3873349156 HTTP/1.1" 200 7090
DEBUG:urllib3.connectionpool:Starting new HTTPS connection (1): www.linkedin.com:443
DEBUG:urllib3.connectionpool:https://www.linkedin.com:443 "GET /jobs-guest/jobs/api/jobPosting/3840492158 HTTP/1.1" 200 10237
DEBUG:urllib3.connectionpool:Starting new HTTPS connection (1): www.linkedin.com:443
DEBUG:urllib3.connectionpool:https://www.linkedin.com:443 "GET /jobs-guest/jobs/api/jobPosting/3843525050 HTTP/1.1" 200 8064
DEBUG:urllib3.connectionpool:Starting new HTTPS connection (1): www.linkedin.com:443
DEBUG:urllib3.connectionpool:https://www.linkedin.com:443 "GET /jobs-guest/jobs/api/jobPosting/3695770733 HTTP/1.1" 200 7025
DEBUG:urllib3.connectionpool:Starting new HTTPS connection (1): www.linkedin.com:443
DEBUG:urllib3.connectionpool:https://www.linkedin.com:443 "GET /jobs-guest/jobs/api/jobPosting/3790470430 HTTP/1.1" 429 24633
DEBUG:urllib3.connectionpool:Starting new HTTPS connection (1): www.linkedin.com:443
DEBUG:urllib3.connectionpool:https://www.linkedin.com:443 "GET /jobs-guest/jobs/api/jobPosting/3819395205 HTTP/1.1" 200 9545
DEBUG:urllib3.connectionpool:Starting new HTTPS connection (1): www.linkedin.com:443
DEBUG:urllib3.connectionpool:https://www.linkedin.com:443 "GET /jobs-guest/jobs/api/jobPosting/3845614094 HTTP/1.1" 429 24633
DEBUG:urllib3.connectionpool:Starting new HTTPS connection (1): www.linkedin.com:443
DEBUG:urllib3.connectionpool:https://www.linkedin.com:443 "GET /jobs-guest/jobs/api/jobPosting/3837546488 HTTP/1.1" 200 10338
INFO:root:SUCCESS: Connection to RDS Postgres instance succeeded
DEBUG:urllib3.connectionpool:Starting new HTTPS connection (1): www.linkedin.com:443
DEBUG:urllib3.connectionpool:https://www.linkedin.com:443 "GET /jobs-guest/jobs/api/jobPosting/3819395205 HTTP/1.1" 200 9544
DEBUG:urllib3.connectionpool:Starting new HTTPS connection (1): www.linkedin.com:443
DEBUG:urllib3.connectionpool:https://www.linkedin.com:443 "GET /jobs-guest/jobs/api/jobPosting/3873349156 HTTP/1.1" 200 7089
DEBUG:urllib3.connectionpool:Starting new HTTPS connection (1): www.linkedin.com:443
DEBUG:urllib3.connectionpool:https://www.linkedin.com:443 "GET /jobs-guest/jobs/api/jobPosting/3843525050 HTTP/1.1" 200 8071
DEBUG:urllib3.connectionpool:Starting new HTTPS connection (1): www.linkedin.com:443
DEBUG:urllib3.connectionpool:https://www.linkedin.com:443 "GET /jobs-guest/jobs/api/jobPosting/3845614094 HTTP/1.1" 200 10243
DEBUG:urllib3.connectionpool:Starting new HTTPS connection (1): www.linkedin.com:443
DEBUG:urllib3.connectionpool:https://www.linkedin.com:443 "GET /jobs-guest/jobs/api/jobPosting/3695770733 HTTP/1.1" 200 7026
DEBUG:urllib3.connectionpool:Starting new HTTPS connection (1): www.linkedin.com:443
DEBUG:urllib3.connectionpool:https://www.linkedin.com:443 "GET /jobs-guest/jobs/api/jobPosting/3837546488 HTTP/1.1" 200 10337
DEBUG:urllib3.connectionpool:Starting new HTTPS connection (1): www.linkedin.com:443
DEBUG:urllib3.connectionpool:https://www.linkedin.com:443 "GET /jobs-guest/jobs/api/jobPosting/3840494102 HTTP/1.1" 200 10232
DEBUG:urllib3.connectionpool:Starting new HTTPS connection (1): www.linkedin.com:443
DEBUG:urllib3.connectionpool:https://www.linkedin.com:443 "GET /jobs-guest/jobs/api/jobPosting/3790470430 HTTP/1.1" 200 9355
DEBUG:urllib3.connectionpool:Starting new HTTPS connection (1): www.linkedin.com:443
DEBUG:urllib3.connectionpool:https://www.linkedin.com:443 "GET /jobs-guest/jobs/api/jobPosting/3840492158 HTTP/1.1" 200 10235
DEBUG:urllib3.connectionpool:Starting new HTTPS connection (1): www.linkedin.com:443
DEBUG:urllib3.connectionpool:https://www.linkedin.com:443 "GET /jobs-guest/jobs/api/jobPosting/3840490834 HTTP/1.1" 200 10099
DEBUG:urllib3.connectionpool:Starting new HTTPS connection (1): www.linkedin.com:443
DEBUG:urllib3.connectionpool:https://www.linkedin.com:443 "GET /jobs-guest/jobs/api/jobPosting/3840492157 HTTP/1.1" 200 10287
DEBUG:urllib3.connectionpool:Starting new HTTPS connection (1): www.linkedin.com:443
DEBUG:urllib3.connectionpool:https://www.linkedin.com:443 "GET /jobs-guest/jobs/api/jobPosting/3876531384 HTTP/1.1" 200 6499
